<?xml version="1.0" encoding="UTF-8"?>
<!-- Generated by org.testng.reporters.JUnitXMLReporter -->
<testsuite ignored="2" hostname="DESKTOP-QDJMKTD" failures="0" tests="1" name="Test" time="36.649" errors="0" timestamp="2025-12-03T17:43:31 IST">
  <testcase classname="tests.LoginTest" name="loginInValidCredentials" time="31.312"/>
  <testcase classname="tests.LoginTest" name="loginMultipleCombo" time="0.0">
    <ignored/>
  </testcase> <!-- loginMultipleCombo -->
  <testcase classname="tests.LoginTest" name="loginValidCredentials" time="0.0">
    <ignored/>
  </testcase> <!-- loginValidCredentials -->
</testsuite> <!-- Test -->
