<?xml version="1.0" encoding="UTF-8"?>
<testng-results ignored="0" total="2" passed="2" failed="0" skipped="0">
  <reporter-output>
  </reporter-output>
  <suite started-at="2025-11-11T17:20:23 IST" name="Suite" finished-at="2025-11-11T17:20:54 IST" duration-ms="31540">
    <groups>
    </groups>
    <test started-at="2025-11-11T17:20:23 IST" name="Test" finished-at="2025-11-11T17:20:54 IST" duration-ms="31540">
      <class name="package1.MavenExample">
        <test-method is-config="true" signature="configureDriverPath()[pri:0, instance:package1.MavenExample@433d61fb]" started-at="2025-11-11T17:20:21 IST" name="configureDriverPath" finished-at="2025-11-11T17:20:23 IST" duration-ms="1595" status="PASS">
          <reporter-output>
          </reporter-output>
        </test-method> <!-- configureDriverPath -->
        <test-method is-config="true" signature="setBrowserAndWait()[pri:0, instance:package1.MavenExample@433d61fb]" started-at="2025-11-11T17:20:23 IST" name="setBrowserAndWait" finished-at="2025-11-11T17:20:25 IST" duration-ms="2098" status="PASS">
          <reporter-output>
          </reporter-output>
        </test-method> <!-- setBrowserAndWait -->
        <test-method is-config="true" signature="launchAppUrl()[pri:0, instance:package1.MavenExample@433d61fb]" started-at="2025-11-11T17:20:25 IST" name="launchAppUrl" finished-at="2025-11-11T17:20:28 IST" duration-ms="3331" status="PASS">
          <reporter-output>
          </reporter-output>
        </test-method> <!-- launchAppUrl -->
        <test-method is-config="true" signature="pageRefresh()[pri:0, instance:package1.MavenExample@433d61fb]" started-at="2025-11-11T17:20:28 IST" name="pageRefresh" finished-at="2025-11-11T17:20:29 IST" duration-ms="633" status="PASS">
          <reporter-output>
          </reporter-output>
        </test-method> <!-- pageRefresh -->
        <test-method signature="loginValidCredentials(java.lang.String,java.lang.String)[pri:0, instance:package1.MavenExample@433d61fb]" started-at="2025-11-11T17:20:29 IST" name="loginValidCredentials" finished-at="2025-11-11T17:20:36 IST" duration-ms="6761" status="PASS">
          <params>
            <param index="0">
              <value>
                <![CDATA[Admin]]>
              </value>
            </param>
            <param index="1">
              <value>
                <![CDATA[admin123]]>
              </value>
            </param>
          </params>
          <reporter-output>
          </reporter-output>
        </test-method> <!-- loginValidCredentials -->
        <test-method is-config="true" signature="logoutApp()[pri:0, instance:package1.MavenExample@433d61fb]" started-at="2025-11-11T17:20:36 IST" name="logoutApp" finished-at="2025-11-11T17:20:37 IST" duration-ms="1574" status="PASS">
          <reporter-output>
          </reporter-output>
        </test-method> <!-- logoutApp -->
        <test-method is-config="true" signature="pageRefresh()[pri:0, instance:package1.MavenExample@433d61fb]" started-at="2025-11-11T17:20:37 IST" name="pageRefresh" finished-at="2025-11-11T17:20:38 IST" duration-ms="617" status="PASS">
          <reporter-output>
          </reporter-output>
        </test-method> <!-- pageRefresh -->
        <test-method signature="loginVInalidCredentials()[pri:1, instance:package1.MavenExample@433d61fb]" started-at="2025-11-11T17:20:38 IST" name="loginVInalidCredentials" finished-at="2025-11-11T17:20:44 IST" duration-ms="5949" status="PASS">
          <reporter-output>
          </reporter-output>
        </test-method> <!-- loginVInalidCredentials -->
        <test-method is-config="true" signature="logoutApp()[pri:0, instance:package1.MavenExample@433d61fb]" started-at="2025-11-11T17:20:44 IST" name="logoutApp" finished-at="2025-11-11T17:20:54 IST" duration-ms="10068" status="PASS">
          <reporter-output>
          </reporter-output>
        </test-method> <!-- logoutApp -->
        <test-method is-config="true" signature="afterclass()[pri:0, instance:package1.MavenExample@433d61fb]" started-at="2025-11-11T17:20:54 IST" name="afterclass" finished-at="2025-11-11T17:20:54 IST" duration-ms="35" status="PASS">
          <reporter-output>
          </reporter-output>
        </test-method> <!-- afterclass -->
        <test-method is-config="true" signature="aftertest()[pri:0, instance:package1.MavenExample@433d61fb]" started-at="2025-11-11T17:20:54 IST" name="aftertest" finished-at="2025-11-11T17:20:54 IST" duration-ms="368" status="PASS">
          <reporter-output>
          </reporter-output>
        </test-method> <!-- aftertest -->
        <test-method is-config="true" signature="finalMethod()[pri:0, instance:package1.MavenExample@433d61fb]" started-at="2025-11-11T17:20:54 IST" name="finalMethod" finished-at="2025-11-11T17:20:54 IST" duration-ms="3" status="PASS">
          <reporter-output>
          </reporter-output>
        </test-method> <!-- finalMethod -->
      </class> <!-- package1.MavenExample -->
    </test> <!-- Test -->
  </suite> <!-- Suite -->
</testng-results>
