<?xml version="1.0" encoding="UTF-8"?>
<testng-results ignored="2" total="3" passed="1" failed="0" skipped="0">
  <reporter-output>
  </reporter-output>
  <suite started-at="2025-12-03T17:42:54 IST" name="Suite" finished-at="2025-12-03T17:43:31 IST" duration-ms="36649">
    <groups>
    </groups>
    <test started-at="2025-12-03T17:42:54 IST" name="Test" finished-at="2025-12-03T17:43:31 IST" duration-ms="36649">
      <class name="tests.LoginTest">
        <test-method is-config="true" signature="configureDriver()[pri:0, instance:tests.LoginTest@217ed35e]" started-at="2025-12-03T17:42:52 IST" name="configureDriver" finished-at="2025-12-03T17:42:54 IST" duration-ms="1560" status="PASS">
          <reporter-output>
          </reporter-output>
        </test-method> <!-- configureDriver -->
        <test-method is-config="true" signature="launchApp()[pri:0, instance:tests.LoginTest@217ed35e]" started-at="2025-12-03T17:42:54 IST" name="launchApp" finished-at="2025-12-03T17:42:59 IST" duration-ms="4876" status="PASS">
          <reporter-output>
          </reporter-output>
        </test-method> <!-- launchApp -->
        <test-method is-config="true" signature="beforeMethod()[pri:0, instance:tests.LoginTest@217ed35e]" started-at="2025-12-03T17:42:59 IST" name="beforeMethod" finished-at="2025-12-03T17:42:59 IST" duration-ms="4" status="PASS">
          <reporter-output>
          </reporter-output>
        </test-method> <!-- beforeMethod -->
        <test-method signature="loginInValidCredentials()[pri:1, instance:tests.LoginTest@217ed35e]" started-at="2025-12-03T17:42:59 IST" name="loginInValidCredentials" finished-at="2025-12-03T17:43:30 IST" duration-ms="31312" status="PASS">
          <reporter-output>
          </reporter-output>
        </test-method> <!-- loginInValidCredentials -->
        <test-method is-config="true" signature="tearDown()[pri:0, instance:tests.LoginTest@217ed35e]" started-at="2025-12-03T17:43:30 IST" name="tearDown" finished-at="2025-12-03T17:43:31 IST" duration-ms="207" status="PASS">
          <reporter-output>
          </reporter-output>
        </test-method> <!-- tearDown -->
      </class> <!-- tests.LoginTest -->
    </test> <!-- Test -->
  </suite> <!-- Suite -->
</testng-results>
