<?xml version="1.0" encoding="UTF-8"?>
<!-- Generated by org.testng.reporters.JUnitReportReporter -->
<testsuite hostname="DESKTOP-QDJMKTD" failures="0" tests="3" name="tests.LoginTest" time="36.399" errors="0" timestamp="2025-12-03T17:43:31 IST" skipped="2">
  <testcase classname="tests.LoginTest" name="loginInValidCredentials" time="36.399"/>
  <testcase classname="tests.LoginTest" name="loginMultipleCombo">
    <skipped/>
  </testcase> <!-- loginMultipleCombo -->
  <testcase classname="tests.LoginTest" name="loginValidCredentials">
    <skipped/>
  </testcase> <!-- loginValidCredentials -->
</testsuite> <!-- tests.LoginTest -->
